<?xml version="1.0" encoding="UTF-8"?>
<!-- Generated by org.testng.reporters.JUnitXMLReporter -->
<testsuite hostname="Mudassars-MacBook-Pro.local" failures="0" tests="1" name="SingleTestIE" time="0.048" errors="0" timestamp="24 Jun 2019 09:44:24 GMT">
  <testcase classname="com.browserstack.BrowserStackTestNGTest" name="@BeforeMethod setUp" time="0.0">
    <failure type="org.testng.TestNGException" message="
Parameter &amp;apos;browser&amp;apos; is required by @Configuration on method setUp but has not been marked @Optional or defined
in /Users/mudassarsyed/Downloads/testng-browserstack-master 2/config/parallel1.testng.xml">
      <![CDATA[org.testng.TestNGException: 
Parameter 'browser' is required by @Configuration on method setUp but has not been marked @Optional or defined
in /Users/mudassarsyed/Downloads/testng-browserstack-master 2/config/parallel1.testng.xml
	at java.base/java.util.concurrent.FutureTask.run(FutureTask.java:264)
	at java.base/java.util.concurrent.ThreadPoolExecutor.runWorker(ThreadPoolExecutor.java:1128)
	at java.base/java.util.concurrent.ThreadPoolExecutor$Worker.run(ThreadPoolExecutor.java:628)
	at java.base/java.lang.Thread.run(Thread.java:835)
... Removed 15 stack frames]]>
    </failure>
  </testcase> <!-- @BeforeMethod setUp -->
  <testcase classname="com.browserstack.BrowserStackTestNGTest" name="@AfterMethod tearDown" time="0.0">
    <skipped/>
  </testcase> <!-- @AfterMethod tearDown -->
  <testcase classname="com.browserstack.BrowserStackTestNGTest" name="BSInception" time="0.003">
    <skipped/>
  </testcase> <!-- BSInception -->
</testsuite> <!-- SingleTestIE -->
